<?xml version="1.0" encoding="UTF-8"?>
<!-- Generated by org.testng.reporters.JUnitXMLReporter -->
<testsuite ignored="0" hostname="saris-MBP.netis.cc" failures="0" tests="3" name="Default test" time="37.069" errors="0" timestamp="2026-05-16T17:55:43 EEST">
  <testcase classname="AlertAssignment.AlertTest" name="confirmAlert" time="0.156"/>
  <testcase classname="AlertAssignment.AlertTest" name="promptAlertTest" time="0.187"/>
  <testcase classname="AlertAssignment.AlertTest" name="simpleAlertTest" time="0.139"/>
</testsuite> <!-- Default test -->
