<?xml version="1.0" encoding="UTF-8"?>
<testng-results ignored="0" total="3" passed="3" failed="0" skipped="0">
  <reporter-output>
  </reporter-output>
  <suite started-at="2026-05-16T17:55:05 EEST" name="Default suite" finished-at="2026-05-16T17:55:42 EEST" duration-ms="37069">
    <groups>
    </groups>
    <test started-at="2026-05-16T17:55:05 EEST" name="Default test" finished-at="2026-05-16T17:55:42 EEST" duration-ms="37069">
      <class name="AlertAssignment.AlertTest">
        <test-method is-config="true" signature="setup()[pri:0, instance:AlertAssignment.AlertTest@36bc55de]" started-at="2026-05-16T17:55:05 EEST" name="setup" finished-at="2026-05-16T17:55:15 EEST" duration-ms="10767" status="PASS">
          <reporter-output>
          </reporter-output>
        </test-method> <!-- setup -->
        <test-method signature="confirmAlert()[pri:0, instance:AlertAssignment.AlertTest@36bc55de]" started-at="2026-05-16T17:55:15 EEST" name="confirmAlert" finished-at="2026-05-16T17:55:16 EEST" duration-ms="156" status="PASS">
          <reporter-output>
          </reporter-output>
        </test-method> <!-- confirmAlert -->
        <test-method is-config="true" signature="setup()[pri:0, instance:AlertAssignment.AlertTest@36bc55de]" started-at="2026-05-16T17:55:16 EEST" name="setup" finished-at="2026-05-16T17:55:29 EEST" duration-ms="13186" status="PASS">
          <reporter-output>
          </reporter-output>
        </test-method> <!-- setup -->
        <test-method signature="promptAlertTest()[pri:0, instance:AlertAssignment.AlertTest@36bc55de]" started-at="2026-05-16T17:55:29 EEST" name="promptAlertTest" finished-at="2026-05-16T17:55:29 EEST" duration-ms="187" status="PASS">
          <reporter-output>
          </reporter-output>
        </test-method> <!-- promptAlertTest -->
        <test-method is-config="true" signature="setup()[pri:0, instance:AlertAssignment.AlertTest@36bc55de]" started-at="2026-05-16T17:55:29 EEST" name="setup" finished-at="2026-05-16T17:55:42 EEST" duration-ms="12574" status="PASS">
          <reporter-output>
          </reporter-output>
        </test-method> <!-- setup -->
        <test-method signature="simpleAlertTest()[pri:0, instance:AlertAssignment.AlertTest@36bc55de]" started-at="2026-05-16T17:55:42 EEST" name="simpleAlertTest" finished-at="2026-05-16T17:55:42 EEST" duration-ms="139" status="PASS">
          <reporter-output>
          </reporter-output>
        </test-method> <!-- simpleAlertTest -->
      </class> <!-- AlertAssignment.AlertTest -->
    </test> <!-- Default test -->
  </suite> <!-- Default suite -->
</testng-results>
