<?xml version="1.0" encoding="UTF-8"?>
<!-- Generated by org.testng.reporters.JUnitReportReporter -->
<testsuite hostname="saris-MBP.netis.cc" failures="0" tests="3" name="AlertAssignment.AlertTest" time="37.009" errors="0" timestamp="2026-05-16T17:55:43 EEST" skipped="0">
  <testcase classname="AlertAssignment.AlertTest" name="promptAlertTest" time="13.373"/>
  <testcase classname="AlertAssignment.AlertTest" name="simpleAlertTest" time="12.713"/>
  <testcase classname="AlertAssignment.AlertTest" name="confirmAlert" time="10.923"/>
</testsuite> <!-- AlertAssignment.AlertTest -->
